Started GET "/" for ::1 at 2019-08-02 11:00:51 -0400
Processing by Rails::WelcomeController#index as HTML
  Rendering /Users/amitsmacbook/.rvm/gems/ruby-2.5.5/gems/railties-5.2.3/lib/rails/templates/rails/welcome/index.html.erb
  Rendered /Users/amitsmacbook/.rvm/gems/ruby-2.5.5/gems/railties-5.2.3/lib/rails/templates/rails/welcome/index.html.erb (2.8ms)
Completed 200 OK in 16ms (Views: 8.8ms | ActiveRecord: 0.0ms)


  [1m[35m (0.7ms)[0m  [1m[34mSELECT sqlite_version(*)[0m
  ↳ bin/rails:9
  [1m[35m (4.1ms)[0m  [1m[35mCREATE TABLE "schema_migrations" ("version" varchar NOT NULL PRIMARY KEY)[0m
  ↳ bin/rails:9
  [1m[35m (1.3ms)[0m  [1m[35mCREATE TABLE "ar_internal_metadata" ("key" varchar NOT NULL PRIMARY KEY, "value" varchar, "created_at" datetime NOT NULL, "updated_at" datetime NOT NULL)[0m
  ↳ bin/rails:9
  [1m[35m (0.1ms)[0m  [1m[34mSELECT "schema_migrations"."version" FROM "schema_migrations" ORDER BY "schema_migrations"."version" ASC[0m
  ↳ bin/rails:9
Migrating to CreateUsers (20190802153134)
  [1m[35m (0.1ms)[0m  [1m[36mbegin transaction[0m
  ↳ bin/rails:9
  [1m[35m (0.4ms)[0m  [1m[35mCREATE TABLE "users" ("id" integer PRIMARY KEY AUTOINCREMENT NOT NULL, "username" varchar, "password_digest" varchar, "email" varchar, "name" varchar, "auth_token" varchar, "created_at" datetime NOT NULL, "updated_at" datetime NOT NULL)[0m
  ↳ db/migrate/20190802153134_create_users.rb:3
  [1m[36mActiveRecord::SchemaMigration Create (0.1ms)[0m  [1m[32mINSERT INTO "schema_migrations" ("version") VALUES (?)[0m  [["version", "20190802153134"]]
  ↳ bin/rails:9
  [1m[35m (0.9ms)[0m  [1m[36mcommit transaction[0m
  ↳ bin/rails:9
  [1m[36mActiveRecord::InternalMetadata Load (0.2ms)[0m  [1m[34mSELECT  "ar_internal_metadata".* FROM "ar_internal_metadata" WHERE "ar_internal_metadata"."key" = ? LIMIT ?[0m  [["key", "environment"], ["LIMIT", 1]]
  ↳ bin/rails:9
  [1m[35m (0.0ms)[0m  [1m[36mbegin transaction[0m
  ↳ bin/rails:9
  [1m[36mActiveRecord::InternalMetadata Create (0.3ms)[0m  [1m[32mINSERT INTO "ar_internal_metadata" ("key", "value", "created_at", "updated_at") VALUES (?, ?, ?, ?)[0m  [["key", "environment"], ["value", "development"], ["created_at", "2019-08-02 15:34:00.705113"], ["updated_at", "2019-08-02 15:34:00.705113"]]
  ↳ bin/rails:9
  [1m[35m (0.9ms)[0m  [1m[36mcommit transaction[0m
  ↳ bin/rails:9
  [1m[35m (0.1ms)[0m  [1m[34mSELECT "schema_migrations"."version" FROM "schema_migrations" ORDER BY "schema_migrations"."version" ASC[0m
  ↳ bin/rails:9
  [1m[35m (532.7ms)[0m  [1m[35mCREATE DATABASE "SneakerX_development" ENCODING = 'unicode'[0m
  ↳ /Users/amitsmacbook/.rvm/gems/ruby-2.5.5/bin/rake:23
  [1m[35m (420.5ms)[0m  [1m[35mCREATE DATABASE "SneakerX_test" ENCODING = 'unicode'[0m
  ↳ /Users/amitsmacbook/.rvm/gems/ruby-2.5.5/bin/rake:23
  [1m[35m (48.9ms)[0m  [1m[35mCREATE TABLE "schema_migrations" ("version" character varying NOT NULL PRIMARY KEY)[0m
  ↳ /Users/amitsmacbook/.rvm/gems/ruby-2.5.5/bin/rake:23
  [1m[35m (45.4ms)[0m  [1m[35mCREATE TABLE "ar_internal_metadata" ("key" character varying NOT NULL PRIMARY KEY, "value" character varying, "created_at" timestamp NOT NULL, "updated_at" timestamp NOT NULL)[0m
  ↳ /Users/amitsmacbook/.rvm/gems/ruby-2.5.5/bin/rake:23
  [1m[35m (0.3ms)[0m  [1m[34mSELECT pg_try_advisory_lock(7263456060889306005)[0m
  ↳ /Users/amitsmacbook/.rvm/gems/ruby-2.5.5/bin/rake:23
  [1m[35m (0.4ms)[0m  [1m[34mSELECT "schema_migrations"."version" FROM "schema_migrations" ORDER BY "schema_migrations"."version" ASC[0m
  ↳ /Users/amitsmacbook/.rvm/gems/ruby-2.5.5/bin/rake:23
Migrating to CreateUsers (20190802153134)
  [1m[35m (0.1ms)[0m  [1m[35mBEGIN[0m
  ↳ /Users/amitsmacbook/.rvm/gems/ruby-2.5.5/bin/rake:23
  [1m[35m (45.9ms)[0m  [1m[35mCREATE TABLE "users" ("id" bigserial primary key, "username" character varying, "password_digest" character varying, "email" character varying, "name" character varying, "auth_token" character varying, "created_at" timestamp NOT NULL, "updated_at" timestamp NOT NULL)[0m
  ↳ db/migrate/20190802153134_create_users.rb:3
  [1m[36mActiveRecord::SchemaMigration Create (0.4ms)[0m  [1m[32mINSERT INTO "schema_migrations" ("version") VALUES ($1) RETURNING "version"[0m  [["version", "20190802153134"]]
  ↳ /Users/amitsmacbook/.rvm/gems/ruby-2.5.5/bin/rake:23
  [1m[35m (0.6ms)[0m  [1m[35mCOMMIT[0m
  ↳ /Users/amitsmacbook/.rvm/gems/ruby-2.5.5/bin/rake:23
Migrating to CreateCarts (20190803175441)
  [1m[35m (0.4ms)[0m  [1m[35mBEGIN[0m
  ↳ /Users/amitsmacbook/.rvm/gems/ruby-2.5.5/bin/rake:23
  [1m[35m (3.1ms)[0m  [1m[35mCREATE TABLE "carts" ("id" bigserial primary key, "name" character varying, "quantity" integer, "total_price" decimal, "ordered" boolean, "user_id" bigint, "product_id" bigint, "created_at" timestamp NOT NULL, "updated_at" timestamp NOT NULL)[0m
  ↳ db/migrate/20190803175441_create_carts.rb:3
  [1m[35m (1.6ms)[0m  [1m[35mCREATE  INDEX  "index_carts_on_user_id" ON "carts"  ("user_id")[0m
  ↳ db/migrate/20190803175441_create_carts.rb:3
  [1m[35m (0.8ms)[0m  [1m[35mCREATE  INDEX  "index_carts_on_product_id" ON "carts"  ("product_id")[0m
  ↳ db/migrate/20190803175441_create_carts.rb:3
  [1m[36mActiveRecord::SchemaMigration Create (0.2ms)[0m  [1m[32mINSERT INTO "schema_migrations" ("version") VALUES ($1) RETURNING "version"[0m  [["version", "20190803175441"]]
  ↳ /Users/amitsmacbook/.rvm/gems/ruby-2.5.5/bin/rake:23
  [1m[35m (0.6ms)[0m  [1m[35mCOMMIT[0m
  ↳ /Users/amitsmacbook/.rvm/gems/ruby-2.5.5/bin/rake:23
  [1m[36mActiveRecord::InternalMetadata Load (0.3ms)[0m  [1m[34mSELECT  "ar_internal_metadata".* FROM "ar_internal_metadata" WHERE "ar_internal_metadata"."key" = $1 LIMIT $2[0m  [["key", "environment"], ["LIMIT", 1]]
  ↳ /Users/amitsmacbook/.rvm/gems/ruby-2.5.5/bin/rake:23
  [1m[35m (0.1ms)[0m  [1m[35mBEGIN[0m
  ↳ /Users/amitsmacbook/.rvm/gems/ruby-2.5.5/bin/rake:23
  [1m[36mActiveRecord::InternalMetadata Create (0.4ms)[0m  [1m[32mINSERT INTO "ar_internal_metadata" ("key", "value", "created_at", "updated_at") VALUES ($1, $2, $3, $4) RETURNING "key"[0m  [["key", "environment"], ["value", "development"], ["created_at", "2019-08-03 18:00:18.955639"], ["updated_at", "2019-08-03 18:00:18.955639"]]
  ↳ /Users/amitsmacbook/.rvm/gems/ruby-2.5.5/bin/rake:23
  [1m[35m (40.7ms)[0m  [1m[35mCOMMIT[0m
  ↳ /Users/amitsmacbook/.rvm/gems/ruby-2.5.5/bin/rake:23
  [1m[35m (0.4ms)[0m  [1m[34mSELECT pg_advisory_unlock(7263456060889306005)[0m
  ↳ /Users/amitsmacbook/.rvm/gems/ruby-2.5.5/bin/rake:23
  [1m[35m (0.2ms)[0m  [1m[34mSELECT "schema_migrations"."version" FROM "schema_migrations" ORDER BY "schema_migrations"."version" ASC[0m
  ↳ /Users/amitsmacbook/.rvm/gems/ruby-2.5.5/bin/rake:23
